{
  "RSpec": {
    "coverage": {
      "/Users/alybadawy/repos/SKeDL/SKeDL-api/app/helpers/auth_helper.rb": {
        "lines": [
          1,
          1,
          1,
          1,
          null,
          1,
          null,
          1,
          16,
          16,
          null,
          14,
          14,
          null,
          null,
          null,
          null,
          14,
          14,
          null,
          14,
          null,
          null,
          1,
          4,
          3,
          null,
          2,
          2,
          2,
          2,
          null,
          2,
          null,
          null,
          1,
          2,
          1,
          1,
          null,
          null
        ]
      },
      "/Users/alybadawy/repos/SKeDL/SKeDL-api/app/helpers/token_helper.rb": {
        "lines": [
          1,
          1,
          null,
          1,
          18,
          18,
          18,
          18,
          18,
          null,
          null,
          1,
          17,
          null,
          null,
          null,
          null,
          null,
          null,
          null,
          1,
          19,
          19,
          null,
          null,
          null,
          null,
          1,
          6,
          5,
          5,
          null,
          null,
          null,
          null,
          1,
          5,
          null,
          null,
          null,
          null,
          null,
          null,
          null,
          3,
          null,
          null,
          null,
          null,
          null,
          null,
          1,
          10,
          null,
          null,
          null,
          null,
          null,
          null,
          null,
          9,
          null,
          null,
          null,
          null,
          null
        ]
      },
      "/Users/alybadawy/repos/SKeDL/SKeDL-api/app/models/session.rb": {
        "lines": [
          1,
          1,
          1,
          null
        ]
      },
      "/Users/alybadawy/repos/SKeDL/SKeDL-api/app/models/application_record.rb": {
        "lines": [
          1,
          1,
          1,
          null
        ]
      },
      "/Users/alybadawy/repos/SKeDL/SKeDL-api/app/models/user.rb": {
        "lines": [
          1,
          1,
          1,
          null,
          1,
          null,
          1,
          null,
          null,
          null,
          1,
          null,
          null,
          null
        ]
      },
      "/Users/alybadawy/repos/SKeDL/SKeDL-api/app/controllers/users_controller.rb": {
        "lines": [
          1,
          1,
          null,
          1,
          null,
          null,
          1,
          0,
          null,
          0,
          null,
          null,
          null,
          1,
          0,
          null,
          null,
          null,
          1,
          0,
          null,
          0,
          0,
          null,
          0,
          null,
          null,
          null,
          null,
          1,
          0,
          0,
          null,
          0,
          null,
          null,
          null,
          null,
          1,
          0,
          null,
          null,
          1,
          null,
          null,
          1,
          0,
          null,
          null,
          null,
          1,
          0,
          null,
          null,
          1,
          0,
          null,
          null
        ]
      },
      "/Users/alybadawy/repos/SKeDL/SKeDL-api/app/controllers/application_controller.rb": {
        "lines": [
          1,
          1,
          1,
          1,
          null,
          1,
          null,
          1,
          null,
          1,
          0,
          0,
          null,
          0,
          null,
          null,
          1,
          0,
          0,
          null,
          null,
          null
        ]
      },
      "/Users/alybadawy/repos/SKeDL/SKeDL-api/app/controllers/concerns/record_exception_handler.rb": {
        "lines": [
          1,
          1,
          null,
          1,
          1,
          0,
          null,
          null,
          1,
          0,
          null,
          null,
          1,
          0,
          null,
          null,
          null
        ]
      },
      "/Users/alybadawy/repos/SKeDL/SKeDL-api/app/controllers/concerns/jwt_exception_handler.rb": {
        "lines": [
          1,
          1,
          null,
          1,
          1,
          0,
          null,
          null,
          1,
          0,
          null,
          null,
          1,
          0,
          null,
          null,
          null
        ]
      },
      "/Users/alybadawy/repos/SKeDL/SKeDL-api/app/channels/application_cable/channel.rb": {
        "lines": [
          0,
          0,
          0,
          0
        ],
        "branches": {
        }
      },
      "/Users/alybadawy/repos/SKeDL/SKeDL-api/app/channels/application_cable/connection.rb": {
        "lines": [
          0,
          0,
          0,
          0
        ],
        "branches": {
        }
      },
      "/Users/alybadawy/repos/SKeDL/SKeDL-api/app/jobs/application_job.rb": {
        "lines": [
          0,
          null,
          null,
          null,
          null,
          null,
          0
        ],
        "branches": {
        }
      },
      "/Users/alybadawy/repos/SKeDL/SKeDL-api/app/mailers/application_mailer.rb": {
        "lines": [
          0,
          0,
          0,
          0
        ],
        "branches": {
        }
      },
      "/Users/alybadawy/repos/SKeDL/SKeDL-api/app/serializers/user_serializer.rb": {
        "lines": [
          0,
          0,
          null,
          0,
          0
        ],
        "branches": {
        }
      }
    },
    "timestamp": 1658276799
  }
}
